#
# There is insufficient memory for the Java Runtime Environment to continue.
# Native memory allocation (mmap) failed to map 100663296 bytes. Error detail: G1 virtual space
# Possible reasons:
#   The system is out of physical RAM or swap space
#   This process is running with CompressedOops enabled, and the Java Heap may be blocking the growth of the native heap
# Possible solutions:
#   Reduce memory load on the system
#   Increase physical memory or swap space
#   Check if swap backing store is full
#   Decrease Java heap size (-Xmx/-Xms)
#   Decrease number of Java threads
#   Decrease Java thread stack sizes (-Xss)
#   Set larger code cache with -XX:ReservedCodeCacheSize=
#   JVM is running with Unscaled Compressed Oops mode in which the Java heap is
#     placed in the first 4GB address space. The Java Heap base address is the
#     maximum limit for the native heap growth. Please use -XX:HeapBaseMinAddress
#     to set the Java Heap base and to place the Java Heap above 4GB virtual address.
# This output file may be truncated or incomplete.
#
#  Out of Memory Error (os_windows.cpp:3898), pid=16356, tid=1340
#
# JRE version:  (21.0.7) (build )
# Java VM: OpenJDK 64-Bit Server VM (21.0.7+-13880790-b1038.58, mixed mode, sharing, tiered, compressed oops, compressed class ptrs, g1 gc, windows-amd64)
# No core dump will be written. Minidumps are not enabled by default on client versions of Windows
#

---------------  S U M M A R Y ------------

Command Line: 

Host: AMD Ryzen 3 3250U with Radeon Graphics         , 4 cores, 5G,  Windows 11 , 64 bit Build 22621 (10.0.22621.5415)
Time: Wed Oct 29 03:58:34 2025 SE Asia Standard Time elapsed time: 0.056233 seconds (0d 0h 0m 0s)

---------------  T H R E A D  ---------------

Current thread (0x0000014cf0bad6e0):  JavaThread "Unknown thread" [_thread_in_vm, id=1340, stack(0x00000024b5500000,0x00000024b5600000) (1024K)]

Stack: [0x00000024b5500000,0x00000024b5600000]
Native frames: (J=compiled Java code, j=interpreted, Vv=VM code, C=native code)
V  [jvm.dll+0x6d25c9]
V  [jvm.dll+0x860923]
V  [jvm.dll+0x862e7e]
V  [jvm.dll+0x863563]
V  [jvm.dll+0x27f156]
V  [jvm.dll+0x6ceee5]
V  [jvm.dll+0x6c29aa]
V  [jvm.dll+0x355ebb]
V  [jvm.dll+0x35db16]
V  [jvm.dll+0x3afb16]
V  [jvm.dll+0x3afde8]
V  [jvm.dll+0x32855c]
V  [jvm.dll+0x32924b]
V  [jvm.dll+0x828379]
V  [jvm.dll+0x3bcce8]
V  [jvm.dll+0x811628]
V  [jvm.dll+0x45121e]
V  [jvm.dll+0x452981]
C  [jli.dll+0x52ab]
C  [ucrtbase.dll+0x29333]
C  [KERNEL32.DLL+0x1259d]
C  [ntdll.dll+0x5af78]


---------------  P R O C E S S  ---------------

Threads class SMR info:
_java_thread_list=0x00007ffb87fb4888, length=0, elements={
}

Java Threads: ( => current thread )
Total: 0

Other Threads:
  0x0000014cf2f9cc10 WorkerThread "GC Thread#0"                     [id=19012, stack(0x00000024b5600000,0x00000024b5700000) (1024K)]
  0x0000014cf2fa9a30 ConcurrentGCThread "G1 Main Marker"            [id=18308, stack(0x00000024b5700000,0x00000024b5800000) (1024K)]
  0x0000014cf2faa530 WorkerThread "G1 Conc#0"                       [id=2908, stack(0x00000024b5800000,0x00000024b5900000) (1024K)]

[error occurred during error reporting (printing all threads), id 0xc0000005, EXCEPTION_ACCESS_VIOLATION (0xc0000005) at pc=0x00007ffb877ab5b7]
VM state: not at safepoint (not fully initialized)

VM Mutex/Monitor currently owned by a thread:  ([mutex/lock_event])
[0x00007ffb88021568] Heap_lock - owner thread: 0x0000014cf0bad6e0

Heap address: 0x00000000a0e00000, size: 1522 MB, Compressed Oops mode: 32-bit

CDS archive(s) mapped at: [0x0000000000000000-0x0000000000000000-0x0000000000000000), size 0, SharedBaseAddress: 0x0000000800000000, ArchiveRelocationMode: 1.
Narrow klass base: 0x0000000000000000, Narrow klass shift: 0, Narrow klass range: 0x0

GC Precious Log:
 CardTable entry size: 512
 Card Set container configuration: InlinePtr #cards 5 size 8 Array Of Cards #cards 12 size 40 Howl #buckets 4 coarsen threshold 1843 Howl Bitmap #cards 512 size 80 coarsen threshold 460 Card regions per heap region 1 cards per card region 2048

Heap:
 garbage-first heap   total 0K, used 0K [0x00000000a0e00000, 0x0000000100000000)
  region size 1024K, 0 young (0K), 0 survivors (0K)
 Metaspace       used 0K, committed 0K, reserved 0K
  class space    used 0K, committed 0K, reserved 0K

Heap Regions: E=young(eden), S=young(survivor), O=old, HS=humongous(starts), HC=humongous(continues), CS=collection set, F=free, TAMS=top-at-mark-start, PB=parsable bottom

Card table byte_map: [0x0000014cf63b0000,0x0000014cf66b0000] _byte_map_base: 0x0000014cf5ea9000

Marking Bits: (CMBitMap*) 0x0000014cf2f9d310
 Bits: [0x0000014cf66b0000, 0x0000014cf7e78000)

GC Heap History (0 events):
No events

Dll operation events (1 events):
Event: 0.028 Loaded shared library C:\Program Files\Android\Android Studio\jbr\bin\java.dll

Deoptimization events (0 events):
No events

Classes loaded (0 events):
No events

Classes unloaded (0 events):
No events

Classes redefined (0 events):
No events

Internal exceptions (0 events):
No events

ZGC Phase Switch (0 events):
No events

VM Operations (0 events):
No events

Memory protections (0 events):
No events

Nmethod flushes (0 events):
No events

Events (0 events):
No events


Dynamic libraries:
0x00007ff7477f0000 - 0x00007ff7477fa000 	C:\Program Files\Android\Android Studio\jbr\bin\java.EXE
0x00007ffc10c90000 - 0x00007ffc10ea8000 	C:\Windows\SYSTEM32\ntdll.dll
0x00007ffc0f610000 - 0x00007ffc0f6d4000 	C:\Windows\System32\KERNEL32.DLL
0x00007ffc0df70000 - 0x00007ffc0e343000 	C:\Windows\System32\KERNELBASE.dll
0x00007ffc0de50000 - 0x00007ffc0df61000 	C:\Windows\System32\ucrtbase.dll
0x00007ffc008c0000 - 0x00007ffc008d8000 	C:\Program Files\Android\Android Studio\jbr\bin\jli.dll
0x00007ffbffff0000 - 0x00007ffc0000b000 	C:\Program Files\Android\Android Studio\jbr\bin\VCRUNTIME140.dll
0x00007ffc0f940000 - 0x00007ffc0faf2000 	C:\Windows\System32\USER32.dll
0x00007ffc0e690000 - 0x00007ffc0e6b6000 	C:\Windows\System32\win32u.dll
0x00007ffc10160000 - 0x00007ffc10189000 	C:\Windows\System32\GDI32.dll
0x00007ffc0e6c0000 - 0x00007ffc0e7e3000 	C:\Windows\System32\gdi32full.dll
0x00007ffc0e5f0000 - 0x00007ffc0e68a000 	C:\Windows\System32\msvcp_win.dll
0x00007ffbfd510000 - 0x00007ffbfd7ac000 	C:\Windows\WinSxS\amd64_microsoft.windows.common-controls_6595b64144ccf1df_6.0.22621.6060_none_2712eda17382d24b\COMCTL32.dll
0x00007ffc10260000 - 0x00007ffc10307000 	C:\Windows\System32\msvcrt.dll
0x00007ffc10330000 - 0x00007ffc10361000 	C:\Windows\System32\IMM32.DLL
0x00007ffc06f90000 - 0x00007ffc06f9c000 	C:\Program Files\Android\Android Studio\jbr\bin\vcruntime140_1.dll
0x00007ffbcae50000 - 0x00007ffbcaedd000 	C:\Program Files\Android\Android Studio\jbr\bin\msvcp140.dll
0x00007ffb87470000 - 0x00007ffb880fe000 	C:\Program Files\Android\Android Studio\jbr\bin\server\jvm.dll
0x00007ffc0f810000 - 0x00007ffc0f8c1000 	C:\Windows\System32\ADVAPI32.dll
0x00007ffc0fb00000 - 0x00007ffc0fba8000 	C:\Windows\System32\sechost.dll
0x00007ffc0e540000 - 0x00007ffc0e568000 	C:\Windows\System32\bcrypt.dll
0x00007ffc103e0000 - 0x00007ffc104f8000 	C:\Windows\System32\RPCRT4.dll
0x00007ffc0f700000 - 0x00007ffc0f771000 	C:\Windows\System32\WS2_32.dll
0x00007ffc0dc60000 - 0x00007ffc0dcad000 	C:\Windows\SYSTEM32\POWRPROF.dll
0x00007ffc06da0000 - 0x00007ffc06dd4000 	C:\Windows\SYSTEM32\WINMM.dll
0x00007ffc041c0000 - 0x00007ffc041ca000 	C:\Windows\SYSTEM32\VERSION.dll
0x00007ffc0dc40000 - 0x00007ffc0dc53000 	C:\Windows\SYSTEM32\UMPDC.dll
0x00007ffc0cd20000 - 0x00007ffc0cd38000 	C:\Windows\SYSTEM32\kernel.appcore.dll
0x00007ffc04640000 - 0x00007ffc0464a000 	C:\Program Files\Android\Android Studio\jbr\bin\jimage.dll
0x00007ffbe9770000 - 0x00007ffbe99a3000 	C:\Windows\SYSTEM32\DBGHELP.DLL
0x00007ffc0fc20000 - 0x00007ffc0ffb2000 	C:\Windows\System32\combase.dll
0x00007ffc0f530000 - 0x00007ffc0f608000 	C:\Windows\System32\OLEAUT32.dll
0x00007ffbf9170000 - 0x00007ffbf91a2000 	C:\Windows\SYSTEM32\dbgcore.DLL
0x00007ffc0e350000 - 0x00007ffc0e3cb000 	C:\Windows\System32\bcryptPrimitives.dll
0x00007ffbfe3d0000 - 0x00007ffbfe3f0000 	C:\Program Files\Android\Android Studio\jbr\bin\java.dll

dbghelp: loaded successfully - version: 4.0.5 - missing functions: none
symbol engine: initialized successfully - sym options: 0x614 - pdb path: .;C:\Program Files\Android\Android Studio\jbr\bin;C:\Windows\SYSTEM32;C:\Windows\WinSxS\amd64_microsoft.windows.common-controls_6595b64144ccf1df_6.0.22621.6060_none_2712eda17382d24b;C:\Program Files\Android\Android Studio\jbr\bin\server

VM Arguments:
java_command: <unknown>
java_class_path (initial): <not set>
Launcher Type: SUN_STANDARD

[Global flags]
     intx CICompilerCount                          = 3                                         {product} {ergonomic}
     uint ConcGCThreads                            = 1                                         {product} {ergonomic}
     uint G1ConcRefinementThreads                  = 4                                         {product} {ergonomic}
   size_t G1HeapRegionSize                         = 1048576                                   {product} {ergonomic}
    uintx GCDrainStackTargetSize                   = 64                                        {product} {ergonomic}
   size_t InitialHeapSize                          = 100663296                                 {product} {ergonomic}
   size_t MarkStackSize                            = 4194304                                   {product} {ergonomic}
   size_t MaxHeapSize                              = 1595932672                                {product} {ergonomic}
   size_t MinHeapDeltaBytes                        = 1048576                                   {product} {ergonomic}
   size_t MinHeapSize                              = 8388608                                   {product} {ergonomic}
    uintx NonNMethodCodeHeapSize                   = 5832780                                {pd product} {ergonomic}
    uintx NonProfiledCodeHeapSize                  = 122912730                              {pd product} {ergonomic}
    uintx ProfiledCodeHeapSize                     = 122912730                              {pd product} {ergonomic}
    uintx ReservedCodeCacheSize                    = 251658240                              {pd product} {ergonomic}
     bool SegmentedCodeCache                       = true                                      {product} {ergonomic}
   size_t SoftMaxHeapSize                          = 1595932672                             {manageable} {ergonomic}
     bool UseCompressedOops                        = true                           {product lp64_product} {ergonomic}
     bool UseG1GC                                  = true                                      {product} {ergonomic}
     bool UseLargePagesIndividualAllocation        = false                                  {pd product} {ergonomic}

Logging:
Log output configuration:
 #0: stdout all=warning uptime,level,tags foldmultilines=false
 #1: stderr all=off uptime,level,tags foldmultilines=false

Environment Variables:
PATH=C:\Users\Python312\Scripts\;C:\Users\Python312\;C:\Windows\system32;C:\Windows;C:\Windows\System32\Wbem;C:\Windows\System32\WindowsPowerShell\v1.0\;C:\Windows\System32\OpenSSH\;C:\Program Files\nodejs\;C:\Program Files\Git\cmd;C:\Program Files\Go\bin;C:\src\flutter\bin;D:\Android\platform-tools;C:\Users\USER\AppData\Local\Microsoft\WindowsApps;C:\Users\USER\AppData\Local\Programs\Microsoft VS Code\bin;C:\Program Files\JetBrains\PyCharm Community Edition 2023.3.5\bin;;C:\Users\USER\AppData\Roaming\npm;C:\Users\USER\go\bin;C:\src\flutter\bin;D:\Android\platform-tools;;C:\src\flutter\bin\mingit\cmd;C:\src\flutter\bin\mingit\cmd
USERNAME=USER
OS=Windows_NT
PROCESSOR_IDENTIFIER=AMD64 Family 23 Model 24 Stepping 1, AuthenticAMD
TMP=C:\Users\USER\AppData\Local\Temp
TEMP=C:\Users\USER\AppData\Local\Temp




Periodic native trim disabled

JNI global refs:
JNI global refs: 0, weak refs: 0

JNI global refs memory usage: 0, weak refs: 0

Process memory usage:
Resident Set Size: 11496K (0% of 6226956K total physical memory with 480872K free physical memory)

OOME stack traces (most recent first):
Classloader memory used:

---------------  S Y S T E M  ---------------

OS:
 Windows 11 , 64 bit Build 22621 (10.0.22621.5415)
OS uptime: 1 days 11:21 hours
Hyper-V role detected

CPU: total 4 (initial active 4) (4 cores per cpu, 2 threads per core) family 23 model 24 stepping 1 microcode 0x0, cx8, cmov, fxsr, ht, mmx, 3dnowpref, sse, sse2, sse3, ssse3, sse4a, sse4.1, sse4.2, popcnt, lzcnt, tsc, tscinvbit, avx, avx2, aes, clmul, bmi1, bmi2, adx, sha, fma, vzeroupper, clflush, clflushopt, hv, rdtscp, f16c
Processor Information for the first 4 processors :
  Max Mhz: 2600, Current Mhz: 2600, Mhz Limit: 2600

Memory: 4k page, system-wide physical 6081M (470M free)
TotalPageFile size 11783M (AvailPageFile size 8M)
current process WorkingSet (physical memory assigned to process): 11M, peak: 11M
current process commit charge ("private bytes"): 51M, peak: 147M

vm_info: OpenJDK 64-Bit Server VM (21.0.7+-13880790-b1038.58) for windows-amd64 JRE (21.0.7+-13880790-b1038.58), built on 2025-08-04T20:56:21Z by "builder" with MS VC++ 16.10 / 16.11 (VS2019)

END.
